Generating ephemeral keys...
Retrieving signed certificate...
Successfully verified SCT...
WARNING: Image reference ghcr.io/dom2701/pwmanager_securitybydesign/frontend:8b4203cb4fe961bb5b36aa1ee952426d0bb0ab86 uses a tag, not a digest, to identify the image to sign.
    This can lead you to sign a different image than the intended one. Please use a
    digest (example.com/ubuntu@sha256:abc123...) rather than tag
    (example.com/ubuntu:latest) for the input to cosign. The ability to refer to
    images by tag will be removed in a future release.


	The sigstore service, hosted by sigstore a Series of LF Projects, LLC, is provided pursuant to the Hosted Project Tools Terms of Use, available at https://lfprojects.org/policies/hosted-project-tools-terms-of-use/.
	Note that if your submission includes personal data associated with this signed artifact, it will be part of an immutable record.
	This may include the email address associated with the account with which you authenticate your contractual Agreement.
	This information will be used for signing this artifact and will be stored in public transparency logs and cannot be removed later, and is subject to the Immutable Record notice at https://lfprojects.org/policies/hosted-project-tools-immutable-records/.

By typing 'y', you attest that (1) you are not submitting the personal data of any other person; and (2) you understand and agree to the statement and the Agreement terms at the URLs listed above.
tlog entry created with index: 763994731
Pushing signature to: ghcr.io/dom2701/pwmanager_securitybydesign/frontend
Generating ephemeral keys...
Retrieving signed certificate...
Successfully verified SCT...
WARNING: Image reference ghcr.io/dom2701/pwmanager_securitybydesign/frontend:v1.0.0 uses a tag, not a digest, to identify the image to sign.
    This can lead you to sign a different image than the intended one. Please use a
    digest (example.com/ubuntu@sha256:abc123...) rather than tag
    (example.com/ubuntu:latest) for the input to cosign. The ability to refer to
    images by tag will be removed in a future release.


	The sigstore service, hosted by sigstore a Series of LF Projects, LLC, is provided pursuant to the Hosted Project Tools Terms of Use, available at https://lfprojects.org/policies/hosted-project-tools-terms-of-use/.
	Note that if your submission includes personal data associated with this signed artifact, it will be part of an immutable record.
	This may include the email address associated with the account with which you authenticate your contractual Agreement.
	This information will be used for signing this artifact and will be stored in public transparency logs and cannot be removed later, and is subject to the Immutable Record notice at https://lfprojects.org/policies/hosted-project-tools-immutable-records/.

By typing 'y', you attest that (1) you are not submitting the personal data of any other person; and (2) you understand and agree to the statement and the Agreement terms at the URLs listed above.
tlog entry created with index: 763994735
Pushing signature to: ghcr.io/dom2701/pwmanager_securitybydesign/frontend
